<?xml version="1.0" encoding="UTF-8"?>
<testng-results ignored="0" total="1" passed="1" failed="0" skipped="0">
  <reporter-output>
  </reporter-output>
  <suite started-at="2021-04-20T18:31:30 IST" name="BDD Test Suite" finished-at="2021-04-20T18:31:58 IST" duration-ms="28243">
    <groups>
      <group name="cucumber">
        <method signature="TestRunner.feature(cucumber.api.testng.CucumberFeatureWrapper)[pri:0, instance:MyRunner.TestRunner@2a27cb34]" name="feature" class="MyRunner.TestRunner"/>
      </group> <!-- cucumber -->
    </groups>
    <test started-at="2021-04-20T18:31:30 IST" name="Lambdatest ToDO Sample Test" finished-at="2021-04-20T18:31:58 IST" duration-ms="28243">
      <class name="MyRunner.TestRunner">
        <test-method is-config="true" signature="setUpClass()[pri:0, instance:MyRunner.TestRunner@2a27cb34]" started-at="2021-04-20T18:31:30 IST" name="setUpClass" finished-at="2021-04-20T18:31:31 IST" duration-ms="662" status="PASS">
          <reporter-output>
          </reporter-output>
        </test-method> <!-- setUpClass -->
        <test-method signature="feature(cucumber.api.testng.CucumberFeatureWrapper)[pri:0, instance:MyRunner.TestRunner@2a27cb34]" started-at="2021-04-20T18:31:31 IST" name="feature" description="Runs Cucumber Feature" data-provider="features" finished-at="2021-04-20T18:31:58 IST" duration-ms="26663" status="PASS">
          <params>
            <param index="0">
              <value>
                <![CDATA[Add new item to ToDO list]]>
              </value>
            </param>
          </params>
          <reporter-output>
          </reporter-output>
        </test-method> <!-- feature -->
        <test-method is-config="true" signature="tearDownClass()[pri:0, instance:MyRunner.TestRunner@2a27cb34]" started-at="2021-04-20T18:31:58 IST" name="tearDownClass" finished-at="2021-04-20T18:31:58 IST" duration-ms="153" status="PASS">
          <reporter-output>
          </reporter-output>
        </test-method> <!-- tearDownClass -->
      </class> <!-- MyRunner.TestRunner -->
    </test> <!-- Lambdatest ToDO Sample Test -->
  </suite> <!-- BDD Test Suite -->
</testng-results>
